[2022-12-28 14:27:15 +0000] [9] [INFO] Starting gunicorn 20.1.0
[2022-12-28 14:27:15 +0000] [9] [INFO] Listening at: http://0.0.0.0:8081 (9)
[2022-12-28 14:27:15 +0000] [9] [INFO] Using worker: gevent
[2022-12-28 14:27:15 +0000] [12] [INFO] Booting worker with pid: 12
[2022-12-28 14:27:15 +0000] [13] [INFO] Booting worker with pid: 13
[2022-12-28 14:28:02 +0000] [13] [ERROR] Error handling request /login
Traceback (most recent call last):
  File "/usr/local/lib/python3.6/site-packages/gunicorn/workers/base_async.py", line 55, in handle
    self.handle_request(listener_name, req, client, addr)
  File "/usr/local/lib/python3.6/site-packages/gunicorn/workers/ggevent.py", line 127, in handle_request
    super().handle_request(listener_name, req, sock, addr)
  File "/usr/local/lib/python3.6/site-packages/gunicorn/workers/base_async.py", line 108, in handle_request
    respiter = self.wsgi(environ, resp.start_response)
  File "falcon/api.py", line 274, in falcon.api.API.__call__
  File "falcon/api.py", line 269, in falcon.api.API.__call__
  File "/usr/api/api/resource/login_resource.py", line 56, in on_post
    self.login(req, resp)
  File "/usr/api/api/resource/login_resource.py", line 19, in login
    if not req_params or not req_params["Username"] or not req_params["Password"]:
KeyError: 'Username'
[2022-12-28 14:38:18 +0000] [9] [INFO] Handling signal: term
[2022-12-28 14:38:18 +0000] [13] [INFO] Worker exiting (pid: 13)
In req
In req
[2022-12-28 14:38:18 +0000] [12] [INFO] Worker exiting (pid: 12)
In req
eyJ0eXAiOiJKV1QiLCJhbGciOiJIUzI1NiJ9.eyJpZCI6ImNocmlzdG9zeiIsInJvbGVzIjpbImFkbWluIl0sImV4cCI6MTY3NDkxNjA1OSwiaWF0IjoxNjcyMjM3NjU5fQ.oimsOTFpM9gdyOuYUf2U9KCFTYOIxiOdSoyfPJvumkU
[2022-12-28 14:38:19 +0000] [9] [INFO] Shutting down: Master
[2022-12-28 14:38:30 +0000] [8] [INFO] Starting gunicorn 20.1.0
[2022-12-28 14:38:30 +0000] [8] [INFO] Listening at: http://0.0.0.0:8081 (8)
[2022-12-28 14:38:30 +0000] [8] [INFO] Using worker: gevent
[2022-12-28 14:38:30 +0000] [11] [INFO] Booting worker with pid: 11
[2022-12-28 14:38:30 +0000] [12] [INFO] Booting worker with pid: 12
[2022-12-28 14:39:13 +0000] [12] [ERROR] Error handling request /login
Traceback (most recent call last):
  File "/usr/local/lib/python3.6/site-packages/gunicorn/workers/base_async.py", line 55, in handle
    self.handle_request(listener_name, req, client, addr)
  File "/usr/local/lib/python3.6/site-packages/gunicorn/workers/ggevent.py", line 127, in handle_request
    super().handle_request(listener_name, req, sock, addr)
  File "/usr/local/lib/python3.6/site-packages/gunicorn/workers/base_async.py", line 108, in handle_request
    respiter = self.wsgi(environ, resp.start_response)
  File "falcon/api.py", line 274, in falcon.api.API.__call__
  File "falcon/api.py", line 269, in falcon.api.API.__call__
  File "/usr/api/api/resource/login_resource.py", line 57, in on_post
    self.login(req, resp)
  File "/usr/api/api/resource/login_resource.py", line 20, in login
    if not req_params or not req_params["Username"] or not req_params["Password"]:
KeyError: 'Username'
[2022-12-28 14:39:18 +0000] [8] [INFO] Handling signal: term
[2022-12-28 14:39:18 +0000] [11] [INFO] Worker exiting (pid: 11)
In req
{'Username': 'christosz', 'Password': '1234'}
eyJ0eXAiOiJKV1QiLCJhbGciOiJIUzI1NiJ9.eyJpZCI6ImNocmlzdG9zeiIsInJvbGVzIjpbImFkbWluIl0sImV4cCI6MTY3NDkxNjcxMywiaWF0IjoxNjcyMjM4MzEzfQ.lDaXKzYwZjvHZ5ORnxSHteAeUkOo3Mq9pNZtfdZdIzE
[2022-12-28 14:39:19 +0000] [12] [INFO] Worker exiting (pid: 12)
In req
In req
{'username': 'f', 'password': 'f'}
[2022-12-28 14:39:19 +0000] [8] [INFO] Shutting down: Master
[2022-12-28 14:40:27 +0000] [9] [INFO] Starting gunicorn 20.1.0
[2022-12-28 14:40:27 +0000] [9] [INFO] Listening at: http://0.0.0.0:8081 (9)
[2022-12-28 14:40:27 +0000] [9] [INFO] Using worker: gevent
[2022-12-28 14:40:27 +0000] [12] [INFO] Booting worker with pid: 12
[2022-12-28 14:40:27 +0000] [13] [INFO] Booting worker with pid: 13
[2022-12-28 14:40:57 +0000] [12] [ERROR] Error handling request /login
Traceback (most recent call last):
  File "/usr/local/lib/python3.6/site-packages/mongoengine/queryset/base.py", line 269, in get
    result = next(queryset)
  File "/usr/local/lib/python3.6/site-packages/mongoengine/queryset/base.py", line 1594, in __next__
    raw_doc = next(self._cursor)
  File "/usr/local/lib/python3.6/site-packages/pymongo/cursor.py", line 1251, in next
    raise StopIteration
StopIteration

During handling of the above exception, another exception occurred:

Traceback (most recent call last):
  File "/usr/local/lib/python3.6/site-packages/gunicorn/workers/base_async.py", line 55, in handle
    self.handle_request(listener_name, req, client, addr)
  File "/usr/local/lib/python3.6/site-packages/gunicorn/workers/ggevent.py", line 127, in handle_request
    super().handle_request(listener_name, req, sock, addr)
  File "/usr/local/lib/python3.6/site-packages/gunicorn/workers/base_async.py", line 108, in handle_request
    respiter = self.wsgi(environ, resp.start_response)
  File "falcon/api.py", line 274, in falcon.api.API.__call__
  File "falcon/api.py", line 269, in falcon.api.API.__call__
  File "/usr/api/api/resource/login_resource.py", line 57, in on_post
    self.login(req, resp)
  File "/usr/api/api/resource/login_resource.py", line 26, in login
    self._authenticate(req_params["username"], req_params["password"], req, resp)
  File "/usr/api/api/resource/login_resource.py", line 34, in _authenticate
    users = self.user_service.get_user(username, password)
  File "/usr/api/api/services/user_service.py", line 37, in get_user
    user = User.objects.get(username=username)
  File "/usr/local/lib/python3.6/site-packages/mongoengine/queryset/base.py", line 272, in get
    raise queryset._document.DoesNotExist(msg)
api.model.user.DoesNotExist: User matching query does not exist.
[2022-12-28 15:51:30 +0000] [12] [ERROR] Error handling request /login
Traceback (most recent call last):
  File "/usr/local/lib/python3.6/site-packages/gunicorn/workers/base_async.py", line 55, in handle
    self.handle_request(listener_name, req, client, addr)
  File "/usr/local/lib/python3.6/site-packages/gunicorn/workers/ggevent.py", line 127, in handle_request
    super().handle_request(listener_name, req, sock, addr)
  File "/usr/local/lib/python3.6/site-packages/gunicorn/workers/base_async.py", line 108, in handle_request
    respiter = self.wsgi(environ, resp.start_response)
  File "falcon/api.py", line 274, in falcon.api.API.__call__
  File "falcon/api.py", line 269, in falcon.api.API.__call__
  File "/usr/api/api/resource/login_resource.py", line 57, in on_post
    self.login(req, resp)
  File "/usr/api/api/resource/login_resource.py", line 20, in login
    if not req_params or not req_params["username"] or not req_params["password"]:
KeyError: 'username'
[2022-12-28 15:52:32 +0000] [12] [ERROR] Error handling request /login
Traceback (most recent call last):
  File "/usr/local/lib/python3.6/site-packages/mongoengine/queryset/base.py", line 269, in get
    result = next(queryset)
  File "/usr/local/lib/python3.6/site-packages/mongoengine/queryset/base.py", line 1594, in __next__
    raw_doc = next(self._cursor)
  File "/usr/local/lib/python3.6/site-packages/pymongo/cursor.py", line 1251, in next
    raise StopIteration
StopIteration

During handling of the above exception, another exception occurred:

Traceback (most recent call last):
  File "/usr/local/lib/python3.6/site-packages/gunicorn/workers/base_async.py", line 55, in handle
    self.handle_request(listener_name, req, client, addr)
  File "/usr/local/lib/python3.6/site-packages/gunicorn/workers/ggevent.py", line 127, in handle_request
    super().handle_request(listener_name, req, sock, addr)
  File "/usr/local/lib/python3.6/site-packages/gunicorn/workers/base_async.py", line 108, in handle_request
    respiter = self.wsgi(environ, resp.start_response)
  File "falcon/api.py", line 274, in falcon.api.API.__call__
  File "falcon/api.py", line 269, in falcon.api.API.__call__
  File "/usr/api/api/resource/login_resource.py", line 57, in on_post
    self.login(req, resp)
  File "/usr/api/api/resource/login_resource.py", line 26, in login
    self._authenticate(req_params["username"], req_params["password"], req, resp)
  File "/usr/api/api/resource/login_resource.py", line 34, in _authenticate
    users = self.user_service.get_user(username, password)
  File "/usr/api/api/services/user_service.py", line 37, in get_user
    user = User.objects.get(username=username)
  File "/usr/local/lib/python3.6/site-packages/mongoengine/queryset/base.py", line 272, in get
    raise queryset._document.DoesNotExist(msg)
api.model.user.DoesNotExist: User matching query does not exist.
[2022-12-28 15:54:18 +0000] [9] [INFO] Handling signal: term
[2022-12-28 15:54:19 +0000] [13] [INFO] Worker exiting (pid: 13)
eyJ0eXAiOiJKV1QiLCJhbGciOiJIUzI1NiJ9.eyJpZCI6ImNocmlzdG9zeiIsInJvbGVzIjpbImFkbWluIl0sImV4cCI6MTY3NDkxNjg4NywiaWF0IjoxNjcyMjM4NDg3fQ.3gT8STs5DzMZcjO8eF1gVQal7Y8EcNSKhIuPy5MHKE8
[2022-12-28 15:54:19 +0000] [12] [INFO] Worker exiting (pid: 12)
eyJ0eXAiOiJKV1QiLCJhbGciOiJIUzI1NiJ9.eyJpZCI6ImNocmlzdG9zeiIsInJvbGVzIjpbImFkbWluIl0sImV4cCI6MTY3NDkxNjg0MiwiaWF0IjoxNjcyMjM4NDQyfQ.SSC12UC_mReJSWHsaBnt3oa1fr7Xh5kaesQBhHiIaWg
eyJ0eXAiOiJKV1QiLCJhbGciOiJIUzI1NiJ9.eyJpZCI6ImNocmlzdG9zeiIsInJvbGVzIjpbImFkbWluIl0sImV4cCI6MTY3NDkyMTE0OCwiaWF0IjoxNjcyMjQyNzQ4fQ.hbKUxlRTvD9V2aGfDSJ_Ojt7ObHRYLfHWGPJF56gn_M
[2022-12-28 15:54:19 +0000] [9] [INFO] Shutting down: Master
[2022-12-28 15:54:27 +0000] [8] [INFO] Starting gunicorn 20.1.0
[2022-12-28 15:54:27 +0000] [8] [INFO] Listening at: http://0.0.0.0:8081 (8)
[2022-12-28 15:54:27 +0000] [8] [INFO] Using worker: gevent
[2022-12-28 15:54:27 +0000] [11] [INFO] Booting worker with pid: 11
[2022-12-28 15:54:27 +0000] [12] [INFO] Booting worker with pid: 12
[2022-12-28 15:56:52 +0000] [12] [ERROR] Error handling request /login
Traceback (most recent call last):
  File "/usr/local/lib/python3.6/site-packages/gunicorn/workers/base_async.py", line 55, in handle
    self.handle_request(listener_name, req, client, addr)
  File "/usr/local/lib/python3.6/site-packages/gunicorn/workers/ggevent.py", line 127, in handle_request
    super().handle_request(listener_name, req, sock, addr)
  File "/usr/local/lib/python3.6/site-packages/gunicorn/workers/base_async.py", line 108, in handle_request
    respiter = self.wsgi(environ, resp.start_response)
  File "falcon/api.py", line 274, in falcon.api.API.__call__
  File "falcon/api.py", line 269, in falcon.api.API.__call__
  File "/usr/api/api/resource/login_resource.py", line 57, in on_post
    self.login(req, resp)
  File "/usr/api/api/resource/login_resource.py", line 26, in login
    self._authenticate(req_params["username"], req_params["password"], req, resp)
  File "/usr/api/api/resource/login_resource.py", line 34, in _authenticate
    users = self.user_service.get_user(username, password)
  File "/usr/api/api/services/user_service.py", line 38, in get_user
    if User.validate_login(user.password, password):
AttributeError: 'QuerySet' object has no attribute 'password'
[2022-12-28 15:57:50 +0000] [12] [ERROR] Error handling request /login
Traceback (most recent call last):
  File "/usr/local/lib/python3.6/site-packages/gunicorn/workers/base_async.py", line 55, in handle
    self.handle_request(listener_name, req, client, addr)
  File "/usr/local/lib/python3.6/site-packages/gunicorn/workers/ggevent.py", line 127, in handle_request
    super().handle_request(listener_name, req, sock, addr)
  File "/usr/local/lib/python3.6/site-packages/gunicorn/workers/base_async.py", line 108, in handle_request
    respiter = self.wsgi(environ, resp.start_response)
  File "falcon/api.py", line 274, in falcon.api.API.__call__
  File "falcon/api.py", line 269, in falcon.api.API.__call__
  File "/usr/api/api/resource/login_resource.py", line 57, in on_post
    self.login(req, resp)
  File "/usr/api/api/resource/login_resource.py", line 26, in login
    self._authenticate(req_params["username"], req_params["password"], req, resp)
  File "/usr/api/api/resource/login_resource.py", line 34, in _authenticate
    users = self.user_service.get_user(username, password)
  File "/usr/api/api/services/user_service.py", line 38, in get_user
    if User.validate_login(user.password, password):
AttributeError: 'QuerySet' object has no attribute 'password'
[2022-12-28 15:57:58 +0000] [11] [ERROR] Error handling request /login
Traceback (most recent call last):
  File "/usr/local/lib/python3.6/site-packages/gunicorn/workers/base_async.py", line 55, in handle
    self.handle_request(listener_name, req, client, addr)
  File "/usr/local/lib/python3.6/site-packages/gunicorn/workers/ggevent.py", line 127, in handle_request
    super().handle_request(listener_name, req, sock, addr)
  File "/usr/local/lib/python3.6/site-packages/gunicorn/workers/base_async.py", line 108, in handle_request
    respiter = self.wsgi(environ, resp.start_response)
  File "falcon/api.py", line 274, in falcon.api.API.__call__
  File "falcon/api.py", line 269, in falcon.api.API.__call__
  File "/usr/api/api/resource/login_resource.py", line 57, in on_post
    self.login(req, resp)
  File "/usr/api/api/resource/login_resource.py", line 26, in login
    self._authenticate(req_params["username"], req_params["password"], req, resp)
  File "/usr/api/api/resource/login_resource.py", line 34, in _authenticate
    users = self.user_service.get_user(username, password)
  File "/usr/api/api/services/user_service.py", line 38, in get_user
    if User.validate_login(user.password, password):
AttributeError: 'QuerySet' object has no attribute 'password'
[2022-12-28 15:58:25 +0000] [8] [INFO] Handling signal: term
[2022-12-28 15:58:26 +0000] [11] [INFO] Worker exiting (pid: 11)
[2022-12-28 15:58:26 +0000] [12] [INFO] Worker exiting (pid: 12)
[2022-12-28 15:58:26 +0000] [8] [INFO] Shutting down: Master
[2022-12-28 15:59:04 +0000] [9] [INFO] Starting gunicorn 20.1.0
[2022-12-28 15:59:04 +0000] [9] [INFO] Listening at: http://0.0.0.0:8081 (9)
[2022-12-28 15:59:04 +0000] [9] [INFO] Using worker: gevent
[2022-12-28 15:59:04 +0000] [12] [INFO] Booting worker with pid: 12
[2022-12-28 15:59:04 +0000] [13] [INFO] Booting worker with pid: 13
[2022-12-28 16:08:02 +0000] [12] [ERROR] Error handling request /login
Traceback (most recent call last):
  File "/usr/local/lib/python3.6/site-packages/mongoengine/queryset/base.py", line 269, in get
    result = next(queryset)
  File "/usr/local/lib/python3.6/site-packages/mongoengine/queryset/base.py", line 1594, in __next__
    raw_doc = next(self._cursor)
  File "/usr/local/lib/python3.6/site-packages/pymongo/cursor.py", line 1251, in next
    raise StopIteration
StopIteration

During handling of the above exception, another exception occurred:

Traceback (most recent call last):
  File "/usr/local/lib/python3.6/site-packages/gunicorn/workers/base_async.py", line 55, in handle
    self.handle_request(listener_name, req, client, addr)
  File "/usr/local/lib/python3.6/site-packages/gunicorn/workers/ggevent.py", line 127, in handle_request
    super().handle_request(listener_name, req, sock, addr)
  File "/usr/local/lib/python3.6/site-packages/gunicorn/workers/base_async.py", line 108, in handle_request
    respiter = self.wsgi(environ, resp.start_response)
  File "falcon/api.py", line 274, in falcon.api.API.__call__
  File "falcon/api.py", line 269, in falcon.api.API.__call__
  File "/usr/api/api/resource/login_resource.py", line 57, in on_post
    self.login(req, resp)
  File "/usr/api/api/resource/login_resource.py", line 26, in login
    self._authenticate(req_params["username"], req_params["password"], req, resp)
  File "/usr/api/api/resource/login_resource.py", line 34, in _authenticate
    users = self.user_service.get_user(username, password)
  File "/usr/api/api/services/user_service.py", line 37, in get_user
    user = User.objects.get(username=username)
  File "/usr/local/lib/python3.6/site-packages/mongoengine/queryset/base.py", line 272, in get
    raise queryset._document.DoesNotExist(msg)
api.model.user.DoesNotExist: User matching query does not exist.
[2022-12-28 16:10:56 +0000] [9] [INFO] Handling signal: term
[2022-12-28 16:10:56 +0000] [13] [INFO] Worker exiting (pid: 13)
[2022-12-28 16:10:57 +0000] [12] [INFO] Worker exiting (pid: 12)
[2022-12-28 16:10:57 +0000] [9] [INFO] Shutting down: Master
[2022-12-28 16:11:08 +0000] [9] [INFO] Starting gunicorn 20.1.0
[2022-12-28 16:11:08 +0000] [9] [INFO] Listening at: http://0.0.0.0:8081 (9)
[2022-12-28 16:11:08 +0000] [9] [INFO] Using worker: gevent
[2022-12-28 16:11:08 +0000] [12] [INFO] Booting worker with pid: 12
[2022-12-28 16:11:08 +0000] [13] [INFO] Booting worker with pid: 13
[2022-12-28 17:04:59 +0000] [9] [INFO] Handling signal: term
[2022-12-28 17:05:00 +0000] [12] [INFO] Worker exiting (pid: 12)
eyJ0eXAiOiJKV1QiLCJhbGciOiJIUzI1NiJ9.eyJpZCI6ImNocmlzdG9zeiIsInJvbGVzIjpbImFkbWluIl0sImV4cCI6MTY3NDkyNTQwMCwiaWF0IjoxNjcyMjQ3MDAwfQ.vwJMmm7oPjiMKsqox9NhrGQnIF9H-s-ekPNj7LR3TjA
[2022-12-28 17:05:00 +0000] [13] [INFO] Worker exiting (pid: 13)
eyJ0eXAiOiJKV1QiLCJhbGciOiJIUzI1NiJ9.eyJpZCI6ImNocmlzdG9zeiIsInJvbGVzIjpbImFkbWluIl0sImV4cCI6MTY3NDkyMjg0OCwiaWF0IjoxNjcyMjQ0NDQ4fQ.pjQ1dJ0dur6gNGT_f3zPOMc7RxhFrbsVLQBx6XTB-Ck
[2022-12-28 17:05:01 +0000] [9] [INFO] Shutting down: Master
[2022-12-28 17:05:32 +0000] [9] [INFO] Starting gunicorn 20.1.0
[2022-12-28 17:05:32 +0000] [9] [INFO] Listening at: http://0.0.0.0:8081 (9)
[2022-12-28 17:05:32 +0000] [9] [INFO] Using worker: gevent
[2022-12-28 17:05:32 +0000] [12] [INFO] Booting worker with pid: 12
[2022-12-28 17:05:32 +0000] [13] [INFO] Booting worker with pid: 13
[2022-12-28 18:23:38 +0000] [9] [INFO] Handling signal: term
[2022-12-28 18:23:38 +0000] [12] [INFO] Worker exiting (pid: 12)
[2022-12-28 18:23:38 +0000] [13] [INFO] Worker exiting (pid: 13)
[2022-12-28 18:23:38 +0000] [9] [INFO] Shutting down: Master
[2022-12-28 21:27:01 +0000] [9] [INFO] Starting gunicorn 20.1.0
[2022-12-28 21:27:01 +0000] [9] [INFO] Listening at: http://0.0.0.0:8081 (9)
[2022-12-28 21:27:01 +0000] [9] [INFO] Using worker: gevent
[2022-12-28 21:27:01 +0000] [12] [INFO] Booting worker with pid: 12
[2022-12-28 21:27:01 +0000] [13] [INFO] Booting worker with pid: 13
[2022-12-28 21:34:37 +0000] [9] [INFO] Handling signal: term
[2022-12-28 21:34:38 +0000] [12] [INFO] Worker exiting (pid: 12)
[2022-12-28 21:34:38 +0000] [13] [INFO] Worker exiting (pid: 13)
[2022-12-28 21:34:39 +0000] [9] [INFO] Shutting down: Master
[2022-12-28 21:38:27 +0000] [8] [INFO] Starting gunicorn 20.1.0
[2022-12-28 21:38:27 +0000] [8] [INFO] Listening at: http://0.0.0.0:8081 (8)
[2022-12-28 21:38:27 +0000] [8] [INFO] Using worker: gevent
[2022-12-28 21:38:27 +0000] [11] [INFO] Booting worker with pid: 11
[2022-12-28 21:38:27 +0000] [12] [INFO] Booting worker with pid: 12
[2022-12-28 22:17:17 +0000] [8] [INFO] Handling signal: term
[2022-12-28 22:17:18 +0000] [12] [INFO] Worker exiting (pid: 12)
[2022-12-28 22:17:18 +0000] [11] [INFO] Worker exiting (pid: 11)
[2022-12-28 22:17:18 +0000] [8] [INFO] Shutting down: Master
[2022-12-28 23:00:57 +0000] [8] [INFO] Starting gunicorn 20.1.0
[2022-12-28 23:00:57 +0000] [8] [INFO] Listening at: http://0.0.0.0:8081 (8)
[2022-12-28 23:00:57 +0000] [8] [INFO] Using worker: gevent
[2022-12-28 23:00:57 +0000] [11] [INFO] Booting worker with pid: 11
[2022-12-28 23:00:57 +0000] [12] [INFO] Booting worker with pid: 12
[2022-12-28 23:18:59 +0000] [8] [INFO] Handling signal: term
[2022-12-28 23:18:59 +0000] [12] [INFO] Worker exiting (pid: 12)
[2022-12-28 23:18:59 +0000] [11] [INFO] Worker exiting (pid: 11)
[2022-12-28 23:19:00 +0000] [8] [INFO] Shutting down: Master
[2022-12-28 23:22:01 +0000] [8] [INFO] Starting gunicorn 20.1.0
[2022-12-28 23:22:01 +0000] [8] [INFO] Listening at: http://0.0.0.0:8081 (8)
[2022-12-28 23:22:01 +0000] [8] [INFO] Using worker: gevent
[2022-12-28 23:22:01 +0000] [11] [INFO] Booting worker with pid: 11
[2022-12-28 23:22:01 +0000] [12] [INFO] Booting worker with pid: 12
[2022-12-28 23:27:53 +0000] [8] [INFO] Handling signal: term
[2022-12-28 23:27:53 +0000] [12] [INFO] Worker exiting (pid: 12)
eyJ0eXAiOiJKV1QiLCJhbGciOiJIUzI1NiJ9.eyJpZCI6ImNocmlzdG9zeiIsInJvbGVzIjpbImFkbWluIl0sImV4cCI6MTY3NDk0ODE5OCwiaWF0IjoxNjcyMjY5Nzk4fQ.wl9ZD3C_qs4e2OOK13q3eX3tXme1E4Xat7b6p48SK_Y
[2022-12-28 23:27:53 +0000] [11] [INFO] Worker exiting (pid: 11)
[2022-12-28 23:27:53 +0000] [8] [INFO] Shutting down: Master
[2022-12-28 23:30:46 +0000] [8] [INFO] Starting gunicorn 20.1.0
[2022-12-28 23:30:46 +0000] [8] [INFO] Listening at: http://0.0.0.0:8081 (8)
[2022-12-28 23:30:46 +0000] [8] [INFO] Using worker: gevent
[2022-12-28 23:30:46 +0000] [11] [INFO] Booting worker with pid: 11
[2022-12-28 23:30:47 +0000] [12] [INFO] Booting worker with pid: 12
[2022-12-28 23:39:26 +0000] [8] [INFO] Handling signal: term
[2022-12-28 23:39:27 +0000] [12] [INFO] Worker exiting (pid: 12)
[2022-12-28 23:39:27 +0000] [11] [INFO] Worker exiting (pid: 11)
[2022-12-28 23:39:28 +0000] [8] [INFO] Shutting down: Master
[2022-12-28 23:52:11 +0000] [9] [INFO] Starting gunicorn 20.1.0
[2022-12-28 23:52:11 +0000] [9] [INFO] Listening at: http://0.0.0.0:8081 (9)
[2022-12-28 23:52:11 +0000] [9] [INFO] Using worker: gevent
[2022-12-28 23:52:11 +0000] [12] [INFO] Booting worker with pid: 12
[2022-12-28 23:52:11 +0000] [13] [INFO] Booting worker with pid: 13
[2022-12-29 00:36:53 +0000] [9] [INFO] Handling signal: term
[2022-12-29 00:36:53 +0000] [12] [INFO] Worker exiting (pid: 12)
[2022-12-29 00:36:53 +0000] [13] [INFO] Worker exiting (pid: 13)
[2022-12-29 00:36:54 +0000] [9] [INFO] Shutting down: Master
[2022-12-29 00:40:25 +0000] [9] [INFO] Starting gunicorn 20.1.0
[2022-12-29 00:40:25 +0000] [9] [INFO] Listening at: http://0.0.0.0:8081 (9)
[2022-12-29 00:40:25 +0000] [9] [INFO] Using worker: gevent
[2022-12-29 00:40:25 +0000] [12] [INFO] Booting worker with pid: 12
[2022-12-29 00:40:25 +0000] [13] [INFO] Booting worker with pid: 13
[2022-12-29 00:45:42 +0000] [9] [INFO] Handling signal: term
[2022-12-29 00:45:43 +0000] [12] [INFO] Worker exiting (pid: 12)
[2022-12-29 00:45:43 +0000] [13] [INFO] Worker exiting (pid: 13)
[2022-12-29 00:45:44 +0000] [9] [INFO] Shutting down: Master
[2022-12-29 00:48:45 +0000] [8] [INFO] Starting gunicorn 20.1.0
[2022-12-29 00:48:45 +0000] [8] [INFO] Listening at: http://0.0.0.0:8081 (8)
[2022-12-29 00:48:45 +0000] [8] [INFO] Using worker: gevent
[2022-12-29 00:48:45 +0000] [11] [INFO] Booting worker with pid: 11
[2022-12-29 00:48:45 +0000] [12] [INFO] Booting worker with pid: 12
[2022-12-29 00:56:10 +0000] [8] [INFO] Handling signal: term
[2022-12-29 00:56:10 +0000] [11] [INFO] Worker exiting (pid: 11)
eyJ0eXAiOiJKV1QiLCJhbGciOiJIUzI1NiJ9.eyJpZCI6ImNocmlzdG9zeiIsInJvbGVzIjpbImFkbWluIl0sImV4cCI6MTY3NDk1MzQ4MiwiaWF0IjoxNjcyMjc1MDgyfQ.bhTdSfZp6dLjoZIep4TKWdfem7bCfNlR9cZpF3f5-po
[2022-12-29 00:56:10 +0000] [12] [INFO] Worker exiting (pid: 12)
[2022-12-29 00:56:11 +0000] [8] [INFO] Shutting down: Master
[2022-12-29 00:57:43 +0000] [9] [INFO] Starting gunicorn 20.1.0
[2022-12-29 00:57:43 +0000] [9] [INFO] Listening at: http://0.0.0.0:8081 (9)
[2022-12-29 00:57:43 +0000] [9] [INFO] Using worker: gevent
[2022-12-29 00:57:43 +0000] [12] [INFO] Booting worker with pid: 12
[2022-12-29 00:57:43 +0000] [13] [INFO] Booting worker with pid: 13
[2022-12-29 00:58:16 +0000] [9] [INFO] Handling signal: term
[2022-12-29 00:58:16 +0000] [13] [INFO] Worker exiting (pid: 13)
[2022-12-29 00:58:16 +0000] [12] [INFO] Worker exiting (pid: 12)
[2022-12-29 00:58:16 +0000] [9] [INFO] Shutting down: Master
[2022-12-29 01:02:33 +0000] [9] [INFO] Starting gunicorn 20.1.0
[2022-12-29 01:02:33 +0000] [9] [INFO] Listening at: http://0.0.0.0:8081 (9)
[2022-12-29 01:02:33 +0000] [9] [INFO] Using worker: gevent
[2022-12-29 01:02:33 +0000] [12] [INFO] Booting worker with pid: 12
[2022-12-29 01:02:34 +0000] [13] [INFO] Booting worker with pid: 13
[2022-12-29 01:07:37 +0000] [9] [INFO] Starting gunicorn 20.1.0
[2022-12-29 01:07:37 +0000] [9] [INFO] Listening at: http://0.0.0.0:8081 (9)
[2022-12-29 01:07:37 +0000] [9] [INFO] Using worker: gevent
[2022-12-29 01:07:37 +0000] [12] [INFO] Booting worker with pid: 12
[2022-12-29 01:07:37 +0000] [13] [INFO] Booting worker with pid: 13
[2022-12-29 01:11:15 +0000] [9] [INFO] Handling signal: term
[2022-12-29 01:11:15 +0000] [12] [INFO] Worker exiting (pid: 12)
[2022-12-29 01:11:15 +0000] [13] [INFO] Worker exiting (pid: 13)
[2022-12-29 01:11:16 +0000] [9] [INFO] Shutting down: Master
[2022-12-29 01:15:21 +0000] [8] [INFO] Starting gunicorn 20.1.0
[2022-12-29 01:15:21 +0000] [8] [INFO] Listening at: http://0.0.0.0:8081 (8)
[2022-12-29 01:15:21 +0000] [8] [INFO] Using worker: gevent
[2022-12-29 01:15:21 +0000] [11] [INFO] Booting worker with pid: 11
[2022-12-29 01:15:21 +0000] [12] [INFO] Booting worker with pid: 12
[2022-12-29 01:20:58 +0000] [8] [INFO] Handling signal: term
[2022-12-29 01:20:59 +0000] [12] [INFO] Worker exiting (pid: 12)
[2022-12-29 01:20:59 +0000] [11] [INFO] Worker exiting (pid: 11)
[2022-12-29 01:21:00 +0000] [8] [INFO] Shutting down: Master
[2022-12-29 16:11:52 +0000] [8] [INFO] Starting gunicorn 20.1.0
[2022-12-29 16:11:52 +0000] [8] [INFO] Listening at: http://0.0.0.0:8081 (8)
[2022-12-29 16:11:52 +0000] [8] [INFO] Using worker: gevent
[2022-12-29 16:11:52 +0000] [11] [INFO] Booting worker with pid: 11
[2022-12-29 16:11:52 +0000] [12] [INFO] Booting worker with pid: 12
[2022-12-29 18:06:31 +0000] [8] [INFO] Handling signal: term
[2022-12-29 18:06:32 +0000] [12] [INFO] Worker exiting (pid: 12)
[2022-12-29 18:06:32 +0000] [11] [INFO] Worker exiting (pid: 11)
[2022-12-29 18:06:33 +0000] [8] [INFO] Shutting down: Master
[2022-12-29 18:10:39 +0000] [9] [INFO] Starting gunicorn 20.1.0
[2022-12-29 18:10:39 +0000] [9] [INFO] Listening at: http://0.0.0.0:8081 (9)
[2022-12-29 18:10:39 +0000] [9] [INFO] Using worker: gevent
[2022-12-29 18:10:39 +0000] [12] [INFO] Booting worker with pid: 12
[2022-12-29 18:10:39 +0000] [13] [INFO] Booting worker with pid: 13
[2022-12-29 18:12:43 +0000] [9] [INFO] Handling signal: term
[2022-12-29 18:12:43 +0000] [13] [INFO] Worker exiting (pid: 13)
[2022-12-29 18:12:44 +0000] [12] [INFO] Worker exiting (pid: 12)
[2022-12-29 18:12:44 +0000] [9] [INFO] Shutting down: Master
[2022-12-29 18:16:11 +0000] [9] [INFO] Starting gunicorn 20.1.0
[2022-12-29 18:16:11 +0000] [9] [INFO] Listening at: http://0.0.0.0:8081 (9)
[2022-12-29 18:16:11 +0000] [9] [INFO] Using worker: gevent
[2022-12-29 18:16:11 +0000] [12] [INFO] Booting worker with pid: 12
[2022-12-29 18:16:11 +0000] [13] [INFO] Booting worker with pid: 13
[2022-12-29 19:12:32 +0000] [9] [INFO] Handling signal: term
[2022-12-29 19:12:33 +0000] [13] [INFO] Worker exiting (pid: 13)
[2022-12-29 19:12:33 +0000] [12] [INFO] Worker exiting (pid: 12)
eyJ0eXAiOiJKV1QiLCJhbGciOiJIUzI1NiJ9.eyJpZCI6ImNocmlzdG9zeiIsInJvbGVzIjpbImFkbWluIl0sImV4cCI6MTY3NTAxNjMwMSwiaWF0IjoxNjcyMzM3OTAxfQ.REZpnQEkazUXhxoKm3285RJVq8C0KUQoF6xUHRM1qP4
[2022-12-29 19:12:33 +0000] [9] [INFO] Shutting down: Master
[2022-12-29 19:15:23 +0000] [9] [INFO] Starting gunicorn 20.1.0
[2022-12-29 19:15:23 +0000] [9] [INFO] Listening at: http://0.0.0.0:8081 (9)
[2022-12-29 19:15:23 +0000] [9] [INFO] Using worker: gevent
[2022-12-29 19:15:23 +0000] [12] [INFO] Booting worker with pid: 12
[2022-12-29 19:15:23 +0000] [13] [INFO] Booting worker with pid: 13
[2022-12-29 19:18:07 +0000] [9] [INFO] Handling signal: term
[2022-12-29 19:18:08 +0000] [13] [INFO] Worker exiting (pid: 13)
[2022-12-29 19:18:08 +0000] [12] [INFO] Worker exiting (pid: 12)
eyJ0eXAiOiJKV1QiLCJhbGciOiJIUzI1NiJ9.eyJpZCI6ImNocmlzdG9zeiIsInJvbGVzIjpbImFkbWluIl0sImV4cCI6MTY3NTAxOTgzMywiaWF0IjoxNjcyMzQxNDMzfQ.0duD1sSCvoaKrcdJiVy2u6u1rkl913Ee228LH16Spjs
[2022-12-29 19:18:08 +0000] [9] [INFO] Shutting down: Master
[2022-12-29 19:23:49 +0000] [9] [INFO] Starting gunicorn 20.1.0
[2022-12-29 19:23:49 +0000] [9] [INFO] Listening at: http://0.0.0.0:8081 (9)
[2022-12-29 19:23:49 +0000] [9] [INFO] Using worker: gevent
[2022-12-29 19:23:49 +0000] [12] [INFO] Booting worker with pid: 12
[2022-12-29 19:23:49 +0000] [13] [INFO] Booting worker with pid: 13
[2022-12-29 19:26:04 +0000] [9] [INFO] Handling signal: term
[2022-12-29 19:26:04 +0000] [12] [INFO] Worker exiting (pid: 12)
[2022-12-29 19:26:04 +0000] [13] [INFO] Worker exiting (pid: 13)
[2022-12-29 19:26:05 +0000] [9] [INFO] Shutting down: Master
[2022-12-29 19:28:54 +0000] [10] [INFO] Starting gunicorn 20.1.0
[2022-12-29 19:28:54 +0000] [10] [INFO] Listening at: http://0.0.0.0:8081 (10)
[2022-12-29 19:28:54 +0000] [10] [INFO] Using worker: gevent
[2022-12-29 19:28:54 +0000] [13] [INFO] Booting worker with pid: 13
[2022-12-29 19:28:54 +0000] [14] [INFO] Booting worker with pid: 14
[2022-12-29 19:30:50 +0000] [10] [INFO] Handling signal: term
[2022-12-29 19:30:50 +0000] [14] [INFO] Worker exiting (pid: 14)
[2022-12-29 19:30:50 +0000] [13] [INFO] Worker exiting (pid: 13)
[2022-12-29 19:30:50 +0000] [10] [INFO] Shutting down: Master
[2022-12-30 16:26:40 +0000] [9] [INFO] Starting gunicorn 20.1.0
[2022-12-30 16:26:40 +0000] [9] [INFO] Listening at: http://0.0.0.0:8081 (9)
[2022-12-30 16:26:40 +0000] [9] [INFO] Using worker: gevent
[2022-12-30 16:26:40 +0000] [12] [INFO] Booting worker with pid: 12
[2022-12-30 16:26:40 +0000] [13] [INFO] Booting worker with pid: 13
[2022-12-30 16:30:00 +0000] [9] [INFO] Handling signal: term
[2022-12-30 16:30:00 +0000] [13] [INFO] Worker exiting (pid: 13)
[2022-12-30 16:30:00 +0000] [12] [INFO] Worker exiting (pid: 12)
[2022-12-30 16:30:01 +0000] [9] [INFO] Shutting down: Master
[2022-12-30 16:34:02 +0000] [9] [INFO] Starting gunicorn 20.1.0
[2022-12-30 16:34:02 +0000] [9] [INFO] Listening at: http://0.0.0.0:8081 (9)
[2022-12-30 16:34:02 +0000] [9] [INFO] Using worker: gevent
[2022-12-30 16:34:02 +0000] [12] [INFO] Booting worker with pid: 12
[2022-12-30 16:34:02 +0000] [13] [INFO] Booting worker with pid: 13
[2022-12-30 16:36:23 +0000] [13] [ERROR] Error handling request /login
Traceback (most recent call last):
  File "/usr/local/lib/python3.6/site-packages/gunicorn/workers/base_async.py", line 55, in handle
    self.handle_request(listener_name, req, client, addr)
  File "/usr/local/lib/python3.6/site-packages/gunicorn/workers/ggevent.py", line 127, in handle_request
    super().handle_request(listener_name, req, sock, addr)
  File "/usr/local/lib/python3.6/site-packages/gunicorn/workers/base_async.py", line 108, in handle_request
    respiter = self.wsgi(environ, resp.start_response)
  File "falcon/api.py", line 274, in falcon.api.API.__call__
  File "falcon/api.py", line 269, in falcon.api.API.__call__
  File "/usr/api/api/resource/login_resource.py", line 57, in on_post
    self.login(req, resp)
  File "/usr/api/api/resource/login_resource.py", line 26, in login
    self._authenticate(req_params["username"], req_params["password"], req, resp)
  File "/usr/api/api/resource/login_resource.py", line 34, in _authenticate
    users = self.user_service.get_user(username, password)
  File "/usr/api/api/services/user_service.py", line 39, in get_user
    if User.validate_login(user.password, password):
  File "/usr/api/api/model/user.py", line 22, in validate_login
    return bcrypt.checkpw(password.encode('utf-8'),old)
  File "/usr/local/lib/python3.6/site-packages/bcrypt/__init__.py", line 89, in checkpw
    raise TypeError("Strings must be encoded before checking")
TypeError: Strings must be encoded before checking
[2022-12-30 16:37:31 +0000] [9] [INFO] Handling signal: term
[2022-12-30 16:37:31 +0000] [13] [INFO] Worker exiting (pid: 13)
[2022-12-30 16:37:32 +0000] [12] [INFO] Worker exiting (pid: 12)
[2022-12-30 16:37:33 +0000] [9] [INFO] Shutting down: Master
[2022-12-30 16:55:02 +0000] [9] [INFO] Starting gunicorn 20.1.0
[2022-12-30 16:55:02 +0000] [9] [INFO] Listening at: http://0.0.0.0:8081 (9)
[2022-12-30 16:55:02 +0000] [9] [INFO] Using worker: gevent
[2022-12-30 16:55:02 +0000] [12] [INFO] Booting worker with pid: 12
[2022-12-30 16:55:02 +0000] [13] [INFO] Booting worker with pid: 13
[2022-12-30 16:58:06 +0000] [12] [ERROR] Error handling request /login
Traceback (most recent call last):
  File "/usr/local/lib/python3.6/site-packages/gunicorn/workers/base_async.py", line 55, in handle
    self.handle_request(listener_name, req, client, addr)
  File "/usr/local/lib/python3.6/site-packages/gunicorn/workers/ggevent.py", line 127, in handle_request
    super().handle_request(listener_name, req, sock, addr)
  File "/usr/local/lib/python3.6/site-packages/gunicorn/workers/base_async.py", line 108, in handle_request
    respiter = self.wsgi(environ, resp.start_response)
  File "falcon/api.py", line 274, in falcon.api.API.__call__
  File "falcon/api.py", line 269, in falcon.api.API.__call__
  File "/usr/api/api/resource/login_resource.py", line 57, in on_post
    self.login(req, resp)
  File "/usr/api/api/resource/login_resource.py", line 26, in login
    self._authenticate(req_params["username"], req_params["password"], req, resp)
  File "/usr/api/api/resource/login_resource.py", line 34, in _authenticate
    users = self.user_service.get_user(username, password)
  File "/usr/api/api/services/user_service.py", line 39, in get_user
    if User.validate_login(user.password, password):
  File "/usr/api/api/model/user.py", line 22, in validate_login
    return bcrypt.checkpw(password.encode('utf-8'),old)
  File "/usr/local/lib/python3.6/site-packages/bcrypt/__init__.py", line 89, in checkpw
    raise TypeError("Strings must be encoded before checking")
TypeError: Strings must be encoded before checking
[2022-12-30 16:58:28 +0000] [13] [ERROR] Error handling request /login
Traceback (most recent call last):
  File "/usr/local/lib/python3.6/site-packages/gunicorn/workers/base_async.py", line 55, in handle
    self.handle_request(listener_name, req, client, addr)
  File "/usr/local/lib/python3.6/site-packages/gunicorn/workers/ggevent.py", line 127, in handle_request
    super().handle_request(listener_name, req, sock, addr)
  File "/usr/local/lib/python3.6/site-packages/gunicorn/workers/base_async.py", line 108, in handle_request
    respiter = self.wsgi(environ, resp.start_response)
  File "falcon/api.py", line 274, in falcon.api.API.__call__
  File "falcon/api.py", line 269, in falcon.api.API.__call__
  File "/usr/api/api/resource/login_resource.py", line 57, in on_post
    self.login(req, resp)
  File "/usr/api/api/resource/login_resource.py", line 26, in login
    self._authenticate(req_params["username"], req_params["password"], req, resp)
  File "/usr/api/api/resource/login_resource.py", line 34, in _authenticate
    users = self.user_service.get_user(username, password)
  File "/usr/api/api/services/user_service.py", line 39, in get_user
    if User.validate_login(user.password, password):
  File "/usr/api/api/model/user.py", line 22, in validate_login
    return bcrypt.checkpw(password.encode('utf-8'),old)
  File "/usr/local/lib/python3.6/site-packages/bcrypt/__init__.py", line 89, in checkpw
    raise TypeError("Strings must be encoded before checking")
TypeError: Strings must be encoded before checking
[2022-12-30 16:59:31 +0000] [9] [INFO] Handling signal: term
[2022-12-30 16:59:31 +0000] [13] [INFO] Worker exiting (pid: 13)
[2022-12-30 16:59:31 +0000] [12] [INFO] Worker exiting (pid: 12)
[2022-12-30 16:59:31 +0000] [9] [INFO] Shutting down: Master
[2022-12-30 16:59:50 +0000] [8] [INFO] Starting gunicorn 20.1.0
[2022-12-30 16:59:50 +0000] [8] [INFO] Listening at: http://0.0.0.0:8081 (8)
[2022-12-30 16:59:50 +0000] [8] [INFO] Using worker: gevent
[2022-12-30 16:59:50 +0000] [11] [INFO] Booting worker with pid: 11
[2022-12-30 16:59:50 +0000] [12] [INFO] Booting worker with pid: 12
[2022-12-30 17:02:44 +0000] [8] [INFO] Handling signal: term
[2022-12-30 17:02:44 +0000] [11] [INFO] Worker exiting (pid: 11)
[2022-12-30 17:02:44 +0000] [12] [INFO] Worker exiting (pid: 12)
[2022-12-30 17:02:45 +0000] [8] [INFO] Shutting down: Master
[2022-12-30 17:06:10 +0000] [9] [INFO] Starting gunicorn 20.1.0
[2022-12-30 17:06:10 +0000] [9] [INFO] Listening at: http://0.0.0.0:8081 (9)
[2022-12-30 17:06:10 +0000] [9] [INFO] Using worker: gevent
[2022-12-30 17:06:10 +0000] [12] [INFO] Booting worker with pid: 12
[2022-12-30 17:06:10 +0000] [13] [INFO] Booting worker with pid: 13
[2022-12-30 17:07:47 +0000] [12] [ERROR] Error handling request /login
Traceback (most recent call last):
  File "/usr/local/lib/python3.6/site-packages/gunicorn/workers/base_async.py", line 55, in handle
    self.handle_request(listener_name, req, client, addr)
  File "/usr/local/lib/python3.6/site-packages/gunicorn/workers/ggevent.py", line 127, in handle_request
    super().handle_request(listener_name, req, sock, addr)
  File "/usr/local/lib/python3.6/site-packages/gunicorn/workers/base_async.py", line 108, in handle_request
    respiter = self.wsgi(environ, resp.start_response)
  File "falcon/api.py", line 274, in falcon.api.API.__call__
  File "falcon/api.py", line 269, in falcon.api.API.__call__
  File "/usr/api/api/resource/login_resource.py", line 57, in on_post
    self.login(req, resp)
  File "/usr/api/api/resource/login_resource.py", line 26, in login
    self._authenticate(req_params["username"], req_params["password"], req, resp)
  File "/usr/api/api/resource/login_resource.py", line 34, in _authenticate
    users = self.user_service.get_user(username, password)
  File "/usr/api/api/services/user_service.py", line 39, in get_user
    if User.validate_login(user.password, password):
  File "/usr/api/api/model/user.py", line 22, in validate_login
    return bcrypt.checkpw(password.encode('utf-8'),old)
  File "/usr/local/lib/python3.6/site-packages/bcrypt/__init__.py", line 89, in checkpw
    raise TypeError("Strings must be encoded before checking")
TypeError: Strings must be encoded before checking
[2022-12-30 17:08:54 +0000] [9] [INFO] Handling signal: term
[2022-12-30 17:08:55 +0000] [12] [INFO] Worker exiting (pid: 12)
[2022-12-30 17:08:55 +0000] [13] [INFO] Worker exiting (pid: 13)
[2022-12-30 17:08:56 +0000] [9] [INFO] Shutting down: Master
[2022-12-30 17:09:06 +0000] [9] [INFO] Starting gunicorn 20.1.0
[2022-12-30 17:09:06 +0000] [9] [INFO] Listening at: http://0.0.0.0:8081 (9)
[2022-12-30 17:09:06 +0000] [9] [INFO] Using worker: gevent
[2022-12-30 17:09:06 +0000] [12] [INFO] Booting worker with pid: 12
[2022-12-30 17:09:06 +0000] [13] [INFO] Booting worker with pid: 13
[2022-12-30 17:09:45 +0000] [9] [INFO] Handling signal: term
[2022-12-30 17:09:46 +0000] [12] [INFO] Worker exiting (pid: 12)
[2022-12-30 17:09:46 +0000] [13] [INFO] Worker exiting (pid: 13)
[2022-12-30 17:09:46 +0000] [9] [INFO] Shutting down: Master
[2022-12-30 17:09:54 +0000] [8] [INFO] Starting gunicorn 20.1.0
[2022-12-30 17:09:54 +0000] [8] [INFO] Listening at: http://0.0.0.0:8081 (8)
[2022-12-30 17:09:54 +0000] [8] [INFO] Using worker: gevent
[2022-12-30 17:09:54 +0000] [11] [INFO] Booting worker with pid: 11
[2022-12-30 17:09:54 +0000] [12] [INFO] Booting worker with pid: 12
[2022-12-30 17:17:01 +0000] [12] [ERROR] Error handling request /login
Traceback (most recent call last):
  File "/usr/local/lib/python3.6/site-packages/gunicorn/workers/base_async.py", line 55, in handle
    self.handle_request(listener_name, req, client, addr)
  File "/usr/local/lib/python3.6/site-packages/gunicorn/workers/ggevent.py", line 127, in handle_request
    super().handle_request(listener_name, req, sock, addr)
  File "/usr/local/lib/python3.6/site-packages/gunicorn/workers/base_async.py", line 108, in handle_request
    respiter = self.wsgi(environ, resp.start_response)
  File "falcon/api.py", line 274, in falcon.api.API.__call__
  File "falcon/api.py", line 269, in falcon.api.API.__call__
  File "/usr/api/api/resource/login_resource.py", line 57, in on_post
    self.login(req, resp)
  File "/usr/api/api/resource/login_resource.py", line 26, in login
    self._authenticate(req_params["username"], req_params["password"], req, resp)
  File "/usr/api/api/resource/login_resource.py", line 34, in _authenticate
    users = self.user_service.get_user(username, password)
  File "/usr/api/api/services/user_service.py", line 39, in get_user
    if User.validate_login(user.password, password):
  File "/usr/api/api/model/user.py", line 22, in validate_login
    return bcrypt.checkpw(password.encode('utf-8'),old)
  File "/usr/local/lib/python3.6/site-packages/bcrypt/__init__.py", line 91, in checkpw
    ret = hashpw(password, hashed_password)
  File "/usr/local/lib/python3.6/site-packages/bcrypt/__init__.py", line 84, in hashpw
    return _bcrypt.hashpass(password, salt)
TypeError: argument 'salt': 'dict' object cannot be converted to 'PyBytes'
[2022-12-30 17:17:36 +0000] [11] [ERROR] Error handling request /login
Traceback (most recent call last):
  File "/usr/local/lib/python3.6/site-packages/gunicorn/workers/base_async.py", line 55, in handle
    self.handle_request(listener_name, req, client, addr)
  File "/usr/local/lib/python3.6/site-packages/gunicorn/workers/ggevent.py", line 127, in handle_request
    super().handle_request(listener_name, req, sock, addr)
  File "/usr/local/lib/python3.6/site-packages/gunicorn/workers/base_async.py", line 108, in handle_request
    respiter = self.wsgi(environ, resp.start_response)
  File "falcon/api.py", line 274, in falcon.api.API.__call__
  File "falcon/api.py", line 269, in falcon.api.API.__call__
  File "/usr/api/api/resource/login_resource.py", line 57, in on_post
    self.login(req, resp)
  File "/usr/api/api/resource/login_resource.py", line 26, in login
    self._authenticate(req_params["username"], req_params["password"], req, resp)
  File "/usr/api/api/resource/login_resource.py", line 34, in _authenticate
    users = self.user_service.get_user(username, password)
  File "/usr/api/api/services/user_service.py", line 39, in get_user
    if User.validate_login(user.password, password):
  File "/usr/api/api/model/user.py", line 22, in validate_login
    return bcrypt.checkpw(password.encode('utf-8'),old)
  File "/usr/local/lib/python3.6/site-packages/bcrypt/__init__.py", line 91, in checkpw
    ret = hashpw(password, hashed_password)
  File "/usr/local/lib/python3.6/site-packages/bcrypt/__init__.py", line 84, in hashpw
    return _bcrypt.hashpass(password, salt)
TypeError: argument 'salt': 'dict' object cannot be converted to 'PyBytes'
[2022-12-30 17:19:17 +0000] [12] [ERROR] Error handling request /login
Traceback (most recent call last):
  File "/usr/local/lib/python3.6/site-packages/gunicorn/workers/base_async.py", line 55, in handle
    self.handle_request(listener_name, req, client, addr)
  File "/usr/local/lib/python3.6/site-packages/gunicorn/workers/ggevent.py", line 127, in handle_request
    super().handle_request(listener_name, req, sock, addr)
  File "/usr/local/lib/python3.6/site-packages/gunicorn/workers/base_async.py", line 108, in handle_request
    respiter = self.wsgi(environ, resp.start_response)
  File "falcon/api.py", line 274, in falcon.api.API.__call__
  File "falcon/api.py", line 269, in falcon.api.API.__call__
  File "/usr/api/api/resource/login_resource.py", line 57, in on_post
    self.login(req, resp)
  File "/usr/api/api/resource/login_resource.py", line 26, in login
    self._authenticate(req_params["username"], req_params["password"], req, resp)
  File "/usr/api/api/resource/login_resource.py", line 34, in _authenticate
    users = self.user_service.get_user(username, password)
  File "/usr/api/api/services/user_service.py", line 39, in get_user
    if User.validate_login(user.password, password):
  File "/usr/api/api/model/user.py", line 22, in validate_login
    return bcrypt.checkpw(password.encode('utf-8'),old)
  File "/usr/local/lib/python3.6/site-packages/bcrypt/__init__.py", line 91, in checkpw
    ret = hashpw(password, hashed_password)
  File "/usr/local/lib/python3.6/site-packages/bcrypt/__init__.py", line 84, in hashpw
    return _bcrypt.hashpass(password, salt)
TypeError: argument 'salt': 'dict' object cannot be converted to 'PyBytes'
[2022-12-30 17:23:48 +0000] [8] [INFO] Handling signal: term
[2022-12-30 17:23:48 +0000] [12] [INFO] Worker exiting (pid: 12)
eyJ0eXAiOiJKV1QiLCJhbGciOiJIUzI1NiJ9.eyJpZCI6InRlc3QiLCJyb2xlcyI6WyJzdHVkeV9hc3Npc3RhbnQiXSwiZXhwIjoxNjc1MDk5MDM4LCJpYXQiOjE2NzI0MjA2Mzh9.CoC1KzJSzcut2zTqSiD6EwvE6oaWd_A2rzeWIKFe4hc
[2022-12-30 17:23:48 +0000] [11] [INFO] Worker exiting (pid: 11)
[2022-12-30 17:23:49 +0000] [8] [INFO] Shutting down: Master
[2022-12-30 17:23:56 +0000] [9] [INFO] Starting gunicorn 20.1.0
[2022-12-30 17:23:56 +0000] [9] [INFO] Listening at: http://0.0.0.0:8081 (9)
[2022-12-30 17:23:56 +0000] [9] [INFO] Using worker: gevent
[2022-12-30 17:23:56 +0000] [12] [INFO] Booting worker with pid: 12
[2022-12-30 17:23:56 +0000] [13] [INFO] Booting worker with pid: 13
[2022-12-30 17:25:02 +0000] [9] [INFO] Handling signal: term
[2022-12-30 17:25:03 +0000] [13] [INFO] Worker exiting (pid: 13)
[2022-12-30 17:25:03 +0000] [12] [INFO] Worker exiting (pid: 12)
[2022-12-30 17:25:04 +0000] [9] [INFO] Shutting down: Master
[2022-12-30 17:25:10 +0000] [9] [INFO] Starting gunicorn 20.1.0
[2022-12-30 17:25:10 +0000] [9] [INFO] Listening at: http://0.0.0.0:8081 (9)
[2022-12-30 17:25:10 +0000] [9] [INFO] Using worker: gevent
[2022-12-30 17:25:10 +0000] [12] [INFO] Booting worker with pid: 12
[2022-12-30 17:25:11 +0000] [13] [INFO] Booting worker with pid: 13
[2022-12-30 17:31:35 +0000] [9] [INFO] Handling signal: term
[2022-12-30 17:31:36 +0000] [13] [INFO] Worker exiting (pid: 13)
[2022-12-30 17:31:36 +0000] [12] [INFO] Worker exiting (pid: 12)
[2022-12-30 17:31:36 +0000] [9] [INFO] Shutting down: Master
[2022-12-30 17:31:43 +0000] [8] [INFO] Starting gunicorn 20.1.0
[2022-12-30 17:31:43 +0000] [8] [INFO] Listening at: http://0.0.0.0:8081 (8)
[2022-12-30 17:31:43 +0000] [8] [INFO] Using worker: gevent
[2022-12-30 17:31:43 +0000] [11] [INFO] Booting worker with pid: 11
[2022-12-30 17:31:43 +0000] [12] [INFO] Booting worker with pid: 12
[2022-12-30 17:32:16 +0000] [12] [ERROR] Error handling request /login
Traceback (most recent call last):
  File "/usr/local/lib/python3.6/site-packages/gunicorn/workers/base_async.py", line 55, in handle
    self.handle_request(listener_name, req, client, addr)
  File "/usr/local/lib/python3.6/site-packages/gunicorn/workers/ggevent.py", line 127, in handle_request
    super().handle_request(listener_name, req, sock, addr)
  File "/usr/local/lib/python3.6/site-packages/gunicorn/workers/base_async.py", line 108, in handle_request
    respiter = self.wsgi(environ, resp.start_response)
  File "falcon/api.py", line 274, in falcon.api.API.__call__
  File "falcon/api.py", line 269, in falcon.api.API.__call__
  File "/usr/api/api/resource/login_resource.py", line 57, in on_post
    self.login(req, resp)
  File "/usr/api/api/resource/login_resource.py", line 26, in login
    self._authenticate(req_params["username"], req_params["password"], req, resp)
  File "/usr/api/api/resource/login_resource.py", line 34, in _authenticate
    users = self.user_service.get_user(username, password)
  File "/usr/api/api/services/user_service.py", line 39, in get_user
    if User.validate_login(user.password, password):
  File "/usr/api/api/model/user.py", line 22, in validate_login
    return bcrypt.checkpw(password.encode('utf-8'),old)
  File "/usr/local/lib/python3.6/site-packages/bcrypt/__init__.py", line 89, in checkpw
    raise TypeError("Strings must be encoded before checking")
TypeError: Strings must be encoded before checking
[2022-12-30 17:32:29 +0000] [11] [ERROR] Error handling request /login
Traceback (most recent call last):
  File "/usr/local/lib/python3.6/site-packages/gunicorn/workers/base_async.py", line 55, in handle
    self.handle_request(listener_name, req, client, addr)
  File "/usr/local/lib/python3.6/site-packages/gunicorn/workers/ggevent.py", line 127, in handle_request
    super().handle_request(listener_name, req, sock, addr)
  File "/usr/local/lib/python3.6/site-packages/gunicorn/workers/base_async.py", line 108, in handle_request
    respiter = self.wsgi(environ, resp.start_response)
  File "falcon/api.py", line 274, in falcon.api.API.__call__
  File "falcon/api.py", line 269, in falcon.api.API.__call__
  File "/usr/api/api/resource/login_resource.py", line 57, in on_post
    self.login(req, resp)
  File "/usr/api/api/resource/login_resource.py", line 26, in login
    self._authenticate(req_params["username"], req_params["password"], req, resp)
  File "/usr/api/api/resource/login_resource.py", line 34, in _authenticate
    users = self.user_service.get_user(username, password)
  File "/usr/api/api/services/user_service.py", line 39, in get_user
    if User.validate_login(user.password, password):
  File "/usr/api/api/model/user.py", line 22, in validate_login
    return bcrypt.checkpw(password.encode('utf-8'),old)
  File "/usr/local/lib/python3.6/site-packages/bcrypt/__init__.py", line 89, in checkpw
    raise TypeError("Strings must be encoded before checking")
TypeError: Strings must be encoded before checking
[2022-12-30 17:33:12 +0000] [8] [INFO] Handling signal: term
[2022-12-30 17:33:13 +0000] [11] [INFO] Worker exiting (pid: 11)
[2022-12-30 17:33:13 +0000] [12] [INFO] Worker exiting (pid: 12)
[2022-12-30 17:33:14 +0000] [8] [INFO] Shutting down: Master
[2022-12-30 17:33:22 +0000] [9] [INFO] Starting gunicorn 20.1.0
[2022-12-30 17:33:22 +0000] [9] [INFO] Listening at: http://0.0.0.0:8081 (9)
[2022-12-30 17:33:22 +0000] [9] [INFO] Using worker: gevent
[2022-12-30 17:33:22 +0000] [12] [INFO] Booting worker with pid: 12
[2022-12-30 17:33:22 +0000] [13] [INFO] Booting worker with pid: 13
[2022-12-30 17:34:31 +0000] [9] [INFO] Handling signal: term
[2022-12-30 17:34:31 +0000] [12] [INFO] Worker exiting (pid: 12)
[2022-12-30 17:34:32 +0000] [13] [INFO] Worker exiting (pid: 13)
eyJ0eXAiOiJKV1QiLCJhbGciOiJIUzI1NiJ9.eyJpZCI6InRlc3QyIiwicm9sZXMiOlsic3R1ZHlfYXNzaXN0YW50Il0sImV4cCI6MTY3NTEwMDA0MSwiaWF0IjoxNjcyNDIxNjQxfQ.BuiQ-G-pZPAV2XvtOacKg0mKq_gG5lqibAiv7ePOP_A
eyJ0eXAiOiJKV1QiLCJhbGciOiJIUzI1NiJ9.eyJpZCI6InRlc3QyIiwicm9sZXMiOlsic3R1ZHlfYXNzaXN0YW50Il0sImV4cCI6MTY3NTEwMDA1NCwiaWF0IjoxNjcyNDIxNjU0fQ.c9dRFpbOii9LI4NTArJwhZtnrazfpbzdniSu0yQPFfY
[2022-12-30 17:34:32 +0000] [9] [INFO] Shutting down: Master
[2022-12-30 17:39:49 +0000] [8] [INFO] Starting gunicorn 20.1.0
[2022-12-30 17:39:49 +0000] [8] [INFO] Listening at: http://0.0.0.0:8081 (8)
[2022-12-30 17:39:49 +0000] [8] [INFO] Using worker: gevent
[2022-12-30 17:39:49 +0000] [11] [INFO] Booting worker with pid: 11
[2022-12-30 17:39:49 +0000] [12] [INFO] Booting worker with pid: 12
[2022-12-30 17:47:04 +0000] [12] [ERROR] Error handling request /login
Traceback (most recent call last):
  File "/usr/local/lib/python3.6/site-packages/gunicorn/workers/base_async.py", line 55, in handle
    self.handle_request(listener_name, req, client, addr)
  File "/usr/local/lib/python3.6/site-packages/gunicorn/workers/ggevent.py", line 127, in handle_request
    super().handle_request(listener_name, req, sock, addr)
  File "/usr/local/lib/python3.6/site-packages/gunicorn/workers/base_async.py", line 108, in handle_request
    respiter = self.wsgi(environ, resp.start_response)
  File "falcon/api.py", line 274, in falcon.api.API.__call__
  File "falcon/api.py", line 269, in falcon.api.API.__call__
  File "/usr/api/api/resource/login_resource.py", line 57, in on_post
    self.login(req, resp)
  File "/usr/api/api/resource/login_resource.py", line 26, in login
    self._authenticate(req_params["username"], req_params["password"], req, resp)
  File "/usr/api/api/resource/login_resource.py", line 34, in _authenticate
    users = self.user_service.get_user(username, password)
  File "/usr/api/api/services/user_service.py", line 39, in get_user
    if User.validate_login(user.password, password):
  File "/usr/api/api/model/user.py", line 22, in validate_login
    return bcrypt.checkpw(password.encode('utf-8'),old.encode())
  File "/usr/local/lib/python3.6/site-packages/bcrypt/__init__.py", line 91, in checkpw
    ret = hashpw(password, hashed_password)
  File "/usr/local/lib/python3.6/site-packages/bcrypt/__init__.py", line 84, in hashpw
    return _bcrypt.hashpass(password, salt)
ValueError: Invalid salt
[2022-12-30 17:57:43 +0000] [8] [INFO] Handling signal: term
[2022-12-30 17:57:44 +0000] [12] [INFO] Worker exiting (pid: 12)
[2022-12-30 17:57:44 +0000] [11] [INFO] Worker exiting (pid: 11)
[2022-12-30 17:57:45 +0000] [8] [INFO] Shutting down: Master
[2022-12-30 17:57:56 +0000] [8] [INFO] Starting gunicorn 20.1.0
[2022-12-30 17:57:56 +0000] [8] [INFO] Listening at: http://0.0.0.0:8081 (8)
[2022-12-30 17:57:56 +0000] [8] [INFO] Using worker: gevent
[2022-12-30 17:57:56 +0000] [11] [INFO] Booting worker with pid: 11
[2022-12-30 17:57:56 +0000] [12] [INFO] Booting worker with pid: 12
[2022-12-30 17:58:13 +0000] [8] [INFO] Handling signal: term
[2022-12-30 17:58:13 +0000] [12] [INFO] Worker exiting (pid: 12)
[2022-12-30 17:58:13 +0000] [11] [INFO] Worker exiting (pid: 11)
[2022-12-30 17:58:13 +0000] [8] [INFO] Shutting down: Master
[2022-12-30 18:03:00 +0000] [9] [INFO] Starting gunicorn 20.1.0
[2022-12-30 18:03:00 +0000] [9] [INFO] Listening at: http://0.0.0.0:8081 (9)
[2022-12-30 18:03:00 +0000] [9] [INFO] Using worker: gevent
[2022-12-30 18:03:00 +0000] [12] [INFO] Booting worker with pid: 12
[2022-12-30 18:03:00 +0000] [13] [INFO] Booting worker with pid: 13
[2022-12-30 18:08:17 +0000] [9] [INFO] Handling signal: term
[2022-12-30 18:08:18 +0000] [13] [INFO] Worker exiting (pid: 13)
[2022-12-30 18:08:18 +0000] [12] [INFO] Worker exiting (pid: 12)
eyJ0eXAiOiJKV1QiLCJhbGciOiJIUzI1NiJ9.eyJpZCI6ImFkbWluIiwicm9sZXMiOlsiYWRtaW4iXSwiZXhwIjoxNjc1MTAxOTMxLCJpYXQiOjE2NzI0MjM1MzF9.KW3hoM4IQomI1YRETzVlLuvLUqmrHIlGpnbYcYmVmMY
eyJ0eXAiOiJKV1QiLCJhbGciOiJIUzI1NiJ9.eyJpZCI6ImFkbWluIiwicm9sZXMiOlsiYWRtaW4iXSwiZXhwIjoxNjc1MTAxOTUyLCJpYXQiOjE2NzI0MjM1NTJ9.Kzl-hMSzs9dlWFK_-5i8vzKFYHSOHBnGZCgXAX4oqzA
[2022-12-30 18:08:18 +0000] [9] [INFO] Shutting down: Master
[2022-12-30 18:13:07 +0000] [9] [INFO] Starting gunicorn 20.1.0
[2022-12-30 18:13:07 +0000] [9] [INFO] Listening at: http://0.0.0.0:8081 (9)
[2022-12-30 18:13:07 +0000] [9] [INFO] Using worker: gevent
[2022-12-30 18:13:07 +0000] [12] [INFO] Booting worker with pid: 12
[2022-12-30 18:13:07 +0000] [13] [INFO] Booting worker with pid: 13
[2022-12-30 18:17:54 +0000] [9] [INFO] Handling signal: term
[2022-12-30 18:17:54 +0000] [12] [INFO] Worker exiting (pid: 12)
[2022-12-30 18:17:54 +0000] [13] [INFO] Worker exiting (pid: 13)
[2022-12-30 18:17:55 +0000] [9] [INFO] Shutting down: Master
[2022-12-30 18:28:09 +0000] [9] [INFO] Starting gunicorn 20.1.0
[2022-12-30 18:28:09 +0000] [9] [INFO] Listening at: http://0.0.0.0:8081 (9)
[2022-12-30 18:28:09 +0000] [9] [INFO] Using worker: gevent
[2022-12-30 18:28:09 +0000] [12] [INFO] Booting worker with pid: 12
[2022-12-30 18:28:09 +0000] [13] [INFO] Booting worker with pid: 13
[2022-12-30 18:34:45 +0000] [9] [INFO] Handling signal: term
[2022-12-30 18:34:46 +0000] [12] [INFO] Worker exiting (pid: 12)
eyJ0eXAiOiJKV1QiLCJhbGciOiJIUzI1NiJ9.eyJpZCI6ImpvaG4iLCJyb2xlcyI6WyJzdHVkeV9jb29yZGluYXRvciJdLCJleHAiOjE2NzUxMDM1NzAsImlhdCI6MTY3MjQyNTE3MH0.DC_p1l8TT_w_EcmHEpKEi6CJg2QiR_ls4fXuBGP0xvY
[2022-12-30 18:34:46 +0000] [13] [INFO] Worker exiting (pid: 13)
[2022-12-30 18:34:46 +0000] [9] [INFO] Shutting down: Master
[2022-12-30 18:38:41 +0000] [8] [INFO] Starting gunicorn 20.1.0
[2022-12-30 18:38:41 +0000] [8] [INFO] Listening at: http://0.0.0.0:8081 (8)
[2022-12-30 18:38:41 +0000] [8] [INFO] Using worker: gevent
[2022-12-30 18:38:41 +0000] [11] [INFO] Booting worker with pid: 11
[2022-12-30 18:38:41 +0000] [12] [INFO] Booting worker with pid: 12
[2022-12-30 21:43:29 +0000] [8] [INFO] Handling signal: term
[2022-12-30 21:43:29 +0000] [12] [INFO] Worker exiting (pid: 12)
[2022-12-30 21:43:29 +0000] [11] [INFO] Worker exiting (pid: 11)
eyJ0eXAiOiJKV1QiLCJhbGciOiJIUzI1NiJ9.eyJpZCI6ImFkbWluIiwicm9sZXMiOlsiYWRtaW4iXSwiZXhwIjoxNjc1MTE0NzQ5LCJpYXQiOjE2NzI0MzYzNDl9.FO8O9YUCaFDTIYNiUQUmJJSzqvqR4kwfSPni13r0p2w
[2022-12-30 21:43:30 +0000] [8] [INFO] Shutting down: Master
[2022-12-30 21:43:39 +0000] [9] [INFO] Starting gunicorn 20.1.0
[2022-12-30 21:43:39 +0000] [9] [INFO] Listening at: http://0.0.0.0:8081 (9)
[2022-12-30 21:43:39 +0000] [9] [INFO] Using worker: gevent
[2022-12-30 21:43:39 +0000] [12] [INFO] Booting worker with pid: 12
[2022-12-30 21:43:39 +0000] [13] [INFO] Booting worker with pid: 13
[2022-12-30 21:52:59 +0000] [9] [INFO] Handling signal: term
[2022-12-30 21:53:00 +0000] [12] [INFO] Worker exiting (pid: 12)
eyJ0eXAiOiJKV1QiLCJhbGciOiJIUzI1NiJ9.eyJpZCI6ImFkbWluIiwicm9sZXMiOlsiYWRtaW4iXSwiZXhwIjoxNjc1MTE1MDY3LCJpYXQiOjE2NzI0MzY2Njd9.KVKP3fUrzbsrh0ZfNUaNd81L0U7Jl_9kFsGRbQjmVvU
[2022-12-30 21:53:00 +0000] [13] [INFO] Worker exiting (pid: 13)
[2022-12-30 21:53:00 +0000] [9] [INFO] Shutting down: Master
[2022-12-30 21:57:02 +0000] [9] [INFO] Starting gunicorn 20.1.0
[2022-12-30 21:57:02 +0000] [9] [INFO] Listening at: http://0.0.0.0:8081 (9)
[2022-12-30 21:57:02 +0000] [9] [INFO] Using worker: gevent
[2022-12-30 21:57:02 +0000] [12] [INFO] Booting worker with pid: 12
[2022-12-30 21:57:02 +0000] [13] [INFO] Booting worker with pid: 13
[2022-12-31 00:27:22 +0000] [9] [INFO] Handling signal: term
[2022-12-31 00:27:23 +0000] [13] [INFO] Worker exiting (pid: 13)
[2022-12-31 00:27:23 +0000] [12] [INFO] Worker exiting (pid: 12)
[2022-12-31 00:27:23 +0000] [9] [INFO] Shutting down: Master
[2023-01-04 13:11:47 +0000] [9] [INFO] Starting gunicorn 20.1.0
[2023-01-04 13:11:47 +0000] [9] [INFO] Listening at: http://0.0.0.0:8081 (9)
[2023-01-04 13:11:47 +0000] [9] [INFO] Using worker: gevent
[2023-01-04 13:11:47 +0000] [12] [INFO] Booting worker with pid: 12
[2023-01-04 13:11:47 +0000] [13] [INFO] Booting worker with pid: 13
[2023-01-04 13:15:39 +0000] [9] [INFO] Handling signal: term
[2023-01-04 13:15:40 +0000] [13] [INFO] Worker exiting (pid: 13)
[2023-01-04 13:15:40 +0000] [12] [INFO] Worker exiting (pid: 12)
[2023-01-04 13:15:40 +0000] [9] [INFO] Shutting down: Master
[2023-01-04 13:17:34 +0000] [9] [INFO] Starting gunicorn 20.1.0
[2023-01-04 13:17:34 +0000] [9] [INFO] Listening at: http://0.0.0.0:8081 (9)
[2023-01-04 13:17:34 +0000] [9] [INFO] Using worker: gevent
[2023-01-04 13:17:34 +0000] [12] [INFO] Booting worker with pid: 12
[2023-01-04 13:17:34 +0000] [13] [INFO] Booting worker with pid: 13
[2023-01-04 13:53:02 +0000] [9] [INFO] Handling signal: term
[2023-01-04 13:53:02 +0000] [13] [INFO] Worker exiting (pid: 13)
[2023-01-04 13:53:02 +0000] [12] [INFO] Worker exiting (pid: 12)
[2023-01-04 13:53:03 +0000] [9] [INFO] Shutting down: Master
[2023-01-10 07:00:34 +0000] [9] [INFO] Starting gunicorn 20.1.0
[2023-01-10 07:00:34 +0000] [9] [INFO] Listening at: http://0.0.0.0:8081 (9)
[2023-01-10 07:00:34 +0000] [9] [INFO] Using worker: gevent
[2023-01-10 07:00:34 +0000] [12] [INFO] Booting worker with pid: 12
[2023-01-10 07:00:35 +0000] [13] [INFO] Booting worker with pid: 13
[2023-01-10 09:59:22 +0000] [9] [INFO] Handling signal: term
[2023-01-10 09:59:22 +0000] [12] [INFO] Worker exiting (pid: 12)
eyJ0eXAiOiJKV1QiLCJhbGciOiJIUzI1NiJ9.eyJpZCI6ImFkbWluIiwicm9sZXMiOlsiYWRtaW4iXSwiZXhwIjoxNjc2MDEyNDk0LCJpYXQiOjE2NzMzMzQwOTR9.0FZFef3b2ADq0BsMfSEbRMqKR_4uD6Jw9qObZSucKT0
[2023-01-10 09:59:22 +0000] [13] [INFO] Worker exiting (pid: 13)
eyJ0eXAiOiJKV1QiLCJhbGciOiJIUzI1NiJ9.eyJpZCI6ImFkbWluIiwicm9sZXMiOlsiYWRtaW4iXSwiZXhwIjoxNjc2MDE3Nzk2LCJpYXQiOjE2NzMzMzkzOTZ9.emYOUFzgH9I2o2mJ9NMzpvTZrvyGL2JOhJKg9YNKy1E
eyJ0eXAiOiJKV1QiLCJhbGciOiJIUzI1NiJ9.eyJpZCI6ImFkbWluIiwicm9sZXMiOlsiYWRtaW4iXSwiZXhwIjoxNjc2MDIyMjIxLCJpYXQiOjE2NzMzNDM4MjF9.LxpE9bBgg10MjkC_nMjrerbJ4QF3Gz8JyxR-I0r3ZXI
eyJ0eXAiOiJKV1QiLCJhbGciOiJIUzI1NiJ9.eyJpZCI6ImFkbWluIiwicm9sZXMiOlsiYWRtaW4iXSwiZXhwIjoxNjc2MDIyMzEwLCJpYXQiOjE2NzMzNDM5MTB9.mc__DIPbR1qYhvKskikdcToWwqGSxiGoUole75Tn3EI
eyJ0eXAiOiJKV1QiLCJhbGciOiJIUzI1NiJ9.eyJpZCI6ImpvaG4iLCJyb2xlcyI6WyJzdHVkeV9jb29yZGluYXRvciJdLCJleHAiOjE2NzYwMjI1NzAsImlhdCI6MTY3MzM0NDE3MH0.fkOM79rIRhPOacgxVg2t_PPFie4OoB6pRRe9iqb4Szo
eyJ0eXAiOiJKV1QiLCJhbGciOiJIUzI1NiJ9.eyJpZCI6ImFkbWluIiwicm9sZXMiOlsiYWRtaW4iXSwiZXhwIjoxNjc2MDIyNjA0LCJpYXQiOjE2NzMzNDQyMDR9.Mp2Z8awbaMGPCW4hBVzfhOkedxNxz23wk1B7qeCEkOw
[2023-01-10 09:59:23 +0000] [9] [INFO] Shutting down: Master
[2023-01-10 18:12:38 +0000] [9] [INFO] Starting gunicorn 20.1.0
[2023-01-10 18:12:38 +0000] [9] [INFO] Listening at: http://0.0.0.0:8081 (9)
[2023-01-10 18:12:38 +0000] [9] [INFO] Using worker: gevent
[2023-01-10 18:12:38 +0000] [12] [INFO] Booting worker with pid: 12
[2023-01-10 18:12:38 +0000] [13] [INFO] Booting worker with pid: 13
[2023-01-10 18:14:19 +0000] [9] [INFO] Handling signal: term
[2023-01-10 18:14:20 +0000] [13] [INFO] Worker exiting (pid: 13)
[2023-01-10 18:14:20 +0000] [12] [INFO] Worker exiting (pid: 12)
[2023-01-10 18:14:21 +0000] [9] [INFO] Shutting down: Master
[2023-01-10 18:17:06 +0000] [8] [INFO] Starting gunicorn 20.1.0
[2023-01-10 18:17:06 +0000] [8] [INFO] Listening at: http://0.0.0.0:8081 (8)
[2023-01-10 18:17:06 +0000] [8] [INFO] Using worker: gevent
[2023-01-10 18:17:06 +0000] [11] [INFO] Booting worker with pid: 11
[2023-01-10 18:17:06 +0000] [12] [INFO] Booting worker with pid: 12
[2023-01-10 21:40:46 +0000] [8] [INFO] Handling signal: term
[2023-01-10 21:40:46 +0000] [11] [INFO] Worker exiting (pid: 11)
[2023-01-10 21:40:46 +0000] [12] [INFO] Worker exiting (pid: 12)
[2023-01-10 21:40:46 +0000] [8] [INFO] Shutting down: Master
[2023-02-26 19:55:45 +0000] [9] [INFO] Starting gunicorn 20.1.0
[2023-02-26 19:55:45 +0000] [9] [INFO] Listening at: http://0.0.0.0:8081 (9)
[2023-02-26 19:55:45 +0000] [9] [INFO] Using worker: gevent
[2023-02-26 19:55:45 +0000] [12] [INFO] Booting worker with pid: 12
[2023-02-26 19:55:45 +0000] [13] [INFO] Booting worker with pid: 13
[2023-02-26 19:58:20 +0000] [9] [INFO] Handling signal: term
[2023-02-26 19:58:21 +0000] [13] [INFO] Worker exiting (pid: 13)
[2023-02-26 19:58:21 +0000] [12] [INFO] Worker exiting (pid: 12)
[2023-02-26 19:58:22 +0000] [9] [INFO] Shutting down: Master
[2023-02-26 20:02:58 +0000] [10] [INFO] Starting gunicorn 20.1.0
[2023-02-26 20:02:58 +0000] [10] [INFO] Listening at: http://0.0.0.0:8081 (10)
[2023-02-26 20:02:58 +0000] [10] [INFO] Using worker: gevent
[2023-02-26 20:02:58 +0000] [13] [INFO] Booting worker with pid: 13
[2023-02-26 20:02:58 +0000] [14] [INFO] Booting worker with pid: 14
[2023-02-27 22:11:10 +0000] [10] [INFO] Handling signal: term
[2023-02-27 22:11:10 +0000] [13] [INFO] Worker exiting (pid: 13)
eyJ0eXAiOiJKV1QiLCJhbGciOiJIUzI1NiJ9.eyJpZCI6ImFkbWluIiwicm9sZXMiOlsiYWRtaW4iXSwiZXhwIjoxNjgwMjEzODMyLCJpYXQiOjE2Nzc1MzU0MzJ9.MhhKKbxwK1_VO9_irOilaevZdsHdBDcWe8-5HRuHdps
[2023-02-27 22:11:10 +0000] [14] [INFO] Worker exiting (pid: 14)
[2023-02-27 22:11:11 +0000] [10] [INFO] Shutting down: Master
